<?xml version="1.0" encoding="UTF-8"?>
<!-- Generated by org.testng.reporters.JUnitReportReporter -->
<testsuite skipped="0" hostname="sony-PC" name="com.crm.qa.testcases.LoginPageTest" tests="2" failures="0" timestamp="24 Jul 2020 13:40:22 GMT" time="104.892" errors="0">
  <testcase name="loginPageTitleTest" time="11.752" classname="com.crm.qa.testcases.LoginPageTest"/>
  <testcase name="loginTest" time="93.140" classname="com.crm.qa.testcases.LoginPageTest"/>
</testsuite> <!-- com.crm.qa.testcases.LoginPageTest -->
