<?xml version="1.0" encoding="UTF-8"?>
<!-- Generated by org.testng.reporters.JUnitReportReporter -->
<testsuite skipped="0" hostname="sony-PC" name="com.crm.qa.testcases.LoginPageTest" tests="1" failures="0" timestamp="27 Jul 2020 11:49:37 GMT" time="12.201" errors="0">
  <testcase name="loginPageTitleTest" time="12.201" classname="com.crm.qa.testcases.LoginPageTest"/>
</testsuite> <!-- com.crm.qa.testcases.LoginPageTest -->
