<?xml version="1.0" encoding="UTF-8"?>
<!-- Generated by org.testng.reporters.JUnitReportReporter -->
<testsuite skipped="0" hostname="sony-PC" name="com.crm.qa.testcases.HomePageTest" tests="1" failures="0" timestamp="27 Jul 2020 11:49:36 GMT" time="20.306" errors="0">
  <testcase name="verifyHomePageTitleTest" time="20.306" classname="com.crm.qa.testcases.HomePageTest"/>
</testsuite> <!-- com.crm.qa.testcases.HomePageTest -->
